<?xml version="1.0" encoding="UTF-8"?>
<coverage generated="1751053267891" clover="3.2.0">
  <project timestamp="1751053267891" name="All files">
    <metrics statements="122" coveredstatements="90" conditionals="50" coveredconditionals="26" methods="13" coveredmethods="6" elements="185" coveredelements="122" complexity="0" loc="122" ncloc="122" packages="5" files="5" classes="5"/>
    <package name="backend">
      <metrics statements="51" coveredstatements="35" conditionals="12" coveredconditionals="5" methods="6" coveredmethods="1"/>
      <file name="index.js" path="C:\Users\HP\OneDrive\Desktop\my proj\WatchtowerX\backend\index.js">
        <metrics statements="51" coveredstatements="35" conditionals="12" coveredconditionals="5" methods="6" coveredmethods="1"/>
        <line num="1" count="1" type="stmt"/>
        <line num="2" count="1" type="stmt"/>
        <line num="3" count="1" type="stmt"/>
        <line num="4" count="1" type="stmt"/>
        <line num="5" count="1" type="stmt"/>
        <line num="6" count="1" type="stmt"/>
        <line num="7" count="1" type="stmt"/>
        <line num="8" count="1" type="stmt"/>
        <line num="9" count="1" type="stmt"/>
        <line num="11" count="1" type="stmt"/>
        <line num="12" count="1" type="stmt"/>
        <line num="14" count="1" type="stmt"/>
        <line num="15" count="1" type="cond" truecount="1" falsecount="1"/>
        <line num="16" count="1" type="stmt"/>
        <line num="19" count="1" type="stmt"/>
        <line num="20" count="1" type="stmt"/>
        <line num="23" count="1" type="stmt"/>
        <line num="24" count="1" type="stmt"/>
        <line num="25" count="1" type="stmt"/>
        <line num="26" count="1" type="cond" truecount="1" falsecount="1"/>
        <line num="29" count="1" type="stmt"/>
        <line num="30" count="1" type="stmt"/>
        <line num="31" count="1" type="stmt"/>
        <line num="32" count="1" type="stmt"/>
        <line num="35" count="1" type="stmt"/>
        <line num="40" count="1" type="stmt"/>
        <line num="43" count="1" type="stmt"/>
        <line num="44" count="8" type="stmt"/>
        <line num="48" count="8" type="stmt"/>
        <line num="52" count="1" type="stmt"/>
        <line num="55" count="1" type="stmt"/>
        <line num="56" count="0" type="stmt"/>
        <line num="58" count="1" type="stmt"/>
        <line num="59" count="0" type="stmt"/>
        <line num="63" count="1" type="stmt"/>
        <line num="66" count="1" type="cond" truecount="1" falsecount="1"/>
        <line num="67" count="0" type="cond" truecount="0" falsecount="2"/>
        <line num="68" count="0" type="stmt"/>
        <line num="69" count="0" type="stmt"/>
        <line num="72" count="0" type="stmt"/>
        <line num="73" count="0" type="stmt"/>
        <line num="79" count="0" type="stmt"/>
        <line num="80" count="0" type="stmt"/>
        <line num="81" count="0" type="stmt"/>
        <line num="82" count="0" type="stmt"/>
        <line num="86" count="0" type="stmt"/>
        <line num="87" count="0" type="cond" truecount="0" falsecount="2"/>
        <line num="88" count="0" type="stmt"/>
        <line num="90" count="0" type="stmt"/>
        <line num="94" count="0" type="stmt"/>
        <line num="99" count="1" type="stmt"/>
      </file>
    </package>
    <package name="backend.middleware">
      <metrics statements="3" coveredstatements="1" conditionals="0" coveredconditionals="0" methods="1" coveredmethods="0"/>
      <file name="errorHandler.js" path="C:\Users\HP\OneDrive\Desktop\my proj\WatchtowerX\backend\middleware\errorHandler.js">
        <metrics statements="3" coveredstatements="1" conditionals="0" coveredconditionals="0" methods="1" coveredmethods="0"/>
        <line num="1" count="1" type="stmt"/>
        <line num="2" count="0" type="stmt"/>
        <line num="3" count="0" type="stmt"/>
      </file>
    </package>
    <package name="backend.models">
      <metrics statements="4" coveredstatements="4" conditionals="0" coveredconditionals="0" methods="0" coveredmethods="0"/>
      <file name="Event.js" path="C:\Users\HP\OneDrive\Desktop\my proj\WatchtowerX\backend\models\Event.js">
        <metrics statements="4" coveredstatements="4" conditionals="0" coveredconditionals="0" methods="0" coveredmethods="0"/>
        <line num="2" count="1" type="stmt"/>
        <line num="4" count="1" type="stmt"/>
        <line num="18" count="1" type="stmt"/>
        <line num="20" count="1" type="stmt"/>
      </file>
    </package>
    <package name="backend.routes">
      <metrics statements="60" coveredstatements="49" conditionals="34" coveredconditionals="21" methods="5" coveredmethods="5"/>
      <file name="eventRoutes.js" path="C:\Users\HP\OneDrive\Desktop\my proj\WatchtowerX\backend\routes\eventRoutes.js">
        <metrics statements="60" coveredstatements="49" conditionals="34" coveredconditionals="21" methods="5" coveredmethods="5"/>
        <line num="2" count="1" type="stmt"/>
        <line num="3" count="1" type="stmt"/>
        <line num="4" count="1" type="stmt"/>
        <line num="5" count="1" type="stmt"/>
        <line num="6" count="1" type="stmt"/>
        <line num="7" count="1" type="stmt"/>
        <line num="12" count="1" type="stmt"/>
        <line num="27" count="1" type="stmt"/>
        <line num="28" count="5" type="stmt"/>
        <line num="29" count="5" type="cond" truecount="2" falsecount="0"/>
        <line num="30" count="1" type="stmt"/>
        <line num="33" count="4" type="stmt"/>
        <line num="34" count="4" type="stmt"/>
        <line num="35" count="4" type="cond" truecount="1" falsecount="1"/>
        <line num="36" count="0" type="stmt"/>
        <line num="37" count="0" type="stmt"/>
        <line num="39" count="0" type="stmt"/>
        <line num="43" count="4" type="stmt"/>
        <line num="55" count="4" type="stmt"/>
        <line num="57" count="4" type="stmt"/>
        <line num="73" count="0" type="stmt"/>
        <line num="80" count="1" type="stmt"/>
        <line num="81" count="1" type="stmt"/>
        <line num="92" count="1" type="stmt"/>
        <line num="94" count="1" type="stmt"/>
        <line num="95" count="1" type="cond" truecount="1" falsecount="1"/>
        <line num="96" count="1" type="cond" truecount="1" falsecount="1"/>
        <line num="97" count="1" type="cond" truecount="1" falsecount="1"/>
        <line num="98" count="1" type="cond" truecount="3" falsecount="1"/>
        <line num="99" count="0" type="stmt"/>
        <line num="100" count="0" type="cond" truecount="0" falsecount="2"/>
        <line num="101" count="0" type="cond" truecount="0" falsecount="2"/>
        <line num="104" count="1" type="stmt"/>
        <line num="105" count="1" type="stmt"/>
        <line num="106" count="1" type="stmt"/>
        <line num="107" count="1" type="cond" truecount="1" falsecount="1"/>
        <line num="109" count="1" type="stmt"/>
        <line num="114" count="1" type="stmt"/>
        <line num="127" count="1" type="stmt"/>
        <line num="129" count="0" type="stmt"/>
        <line num="136" count="1" type="stmt"/>
        <line num="137" count="1" type="stmt"/>
        <line num="138" count="1" type="stmt"/>
        <line num="139" count="1" type="cond" truecount="1" falsecount="1"/>
        <line num="140" count="0" type="stmt"/>
        <line num="142" count="1" type="stmt"/>
        <line num="143" count="1" type="stmt"/>
        <line num="144" count="1" type="stmt"/>
        <line num="146" count="0" type="stmt"/>
        <line num="153" count="1" type="stmt"/>
        <line num="154" count="1" type="stmt"/>
        <line num="155" count="1" type="stmt"/>
        <line num="156" count="1" type="stmt"/>
        <line num="166" count="1" type="stmt"/>
        <line num="167" count="1" type="stmt"/>
        <line num="169" count="1" type="stmt"/>
        <line num="170" count="1" type="stmt"/>
        <line num="171" count="1" type="stmt"/>
        <line num="173" count="0" type="stmt"/>
        <line num="177" count="1" type="stmt"/>
      </file>
    </package>
    <package name="backend.utils">
      <metrics statements="4" coveredstatements="1" conditionals="4" coveredconditionals="0" methods="1" coveredmethods="0"/>
      <file name="upload.js" path="C:\Users\HP\OneDrive\Desktop\my proj\WatchtowerX\backend\utils\upload.js">
        <metrics statements="4" coveredstatements="1" conditionals="4" coveredconditionals="0" methods="1" coveredmethods="0"/>
        <line num="10" count="1" type="stmt"/>
        <line num="11" count="0" type="cond" truecount="0" falsecount="2"/>
        <line num="12" count="0" type="stmt"/>
        <line num="15" count="0" type="cond" truecount="0" falsecount="2"/>
      </file>
    </package>
  </project>
</coverage>
