{"C:\\Users\\HP\\OneDrive\\Desktop\\my proj\\WatchtowerX\\backend\\index.js": {"path":"C:\\Users\\HP\\OneDrive\\Desktop\\my proj\\WatchtowerX\\backend\\index.js","statementMap":{"0":{"start":{"line":1,"column":0},"end":{"line":1,"column":27}},"1":{"start":{"line":2,"column":16},"end":{"line":2,"column":34}},"2":{"start":{"line":3,"column":17},"end":{"line":3,"column":36}},"3":{"start":{"line":4,"column":13},"end":{"line":4,"column":28}},"4":{"start":{"line":5,"column":15},"end":{"line":5,"column":32}},"5":{"start":{"line":6,"column":20},"end":{"line":6,"column":42}},"6":{"start":{"line":7,"column":18},"end":{"line":7,"column":47}},"7":{"start":{"line":8,"column":18},"end":{"line":8,"column":47}},"8":{"start":{"line":9,"column":13},"end":{"line":9,"column":30}},"9":{"start":{"line":11,"column":20},"end":{"line":11,"column":51}},"10":{"start":{"line":12,"column":21},"end":{"line":12,"column":57}},"11":{"start":{"line":14,"column":12},"end":{"line":14,"column":21}},"12":{"start":{"line":15,"column":13},"end":{"line":15,"column":37}},"13":{"start":{"line":16,"column":17},"end":{"line":16,"column":40}},"14":{"start":{"line":19,"column":19},"end":{"line":19,"column":46}},"15":{"start":{"line":20,"column":0},"end":{"line":20,"column":67}},"16":{"start":{"line":23,"column":0},"end":{"line":23,"column":35}},"17":{"start":{"line":24,"column":0},"end":{"line":24,"column":44}},"18":{"start":{"line":25,"column":0},"end":{"line":25,"column":28}},"19":{"start":{"line":26,"column":0},"end":{"line":26,"column":70}},"20":{"start":{"line":29,"column":0},"end":{"line":29,"column":16}},"21":{"start":{"line":30,"column":0},"end":{"line":30,"column":18}},"22":{"start":{"line":31,"column":0},"end":{"line":31,"column":23}},"23":{"start":{"line":32,"column":0},"end":{"line":32,"column":24}},"24":{"start":{"line":35,"column":16},"end":{"line":39,"column":2}},"25":{"start":{"line":40,"column":0},"end":{"line":40,"column":17}},"26":{"start":{"line":43,"column":0},"end":{"line":49,"column":3}},"27":{"start":{"line":44,"column":2},"end":{"line":47,"column":4}},"28":{"start":{"line":48,"column":2},"end":{"line":48,"column":9}},"29":{"start":{"line":52,"column":0},"end":{"line":52,"column":29}},"30":{"start":{"line":55,"column":0},"end":{"line":57,"column":3}},"31":{"start":{"line":56,"column":2},"end":{"line":56,"column":66}},"32":{"start":{"line":58,"column":0},"end":{"line":60,"column":3}},"33":{"start":{"line":59,"column":2},"end":{"line":59,"column":59}},"34":{"start":{"line":63,"column":0},"end":{"line":63,"column":22}},"35":{"start":{"line":66,"column":0},"end":{"line":96,"column":1}},"36":{"start":{"line":67,"column":2},"end":{"line":70,"column":3}},"37":{"start":{"line":68,"column":4},"end":{"line":68,"column":49}},"38":{"start":{"line":69,"column":4},"end":{"line":69,"column":20}},"39":{"start":{"line":72,"column":2},"end":{"line":72,"column":53}},"40":{"start":{"line":73,"column":2},"end":{"line":95,"column":7}},"41":{"start":{"line":79,"column":6},"end":{"line":79,"column":50}},"42":{"start":{"line":80,"column":6},"end":{"line":83,"column":9}},"43":{"start":{"line":81,"column":8},"end":{"line":81,"column":69}},"44":{"start":{"line":82,"column":8},"end":{"line":82,"column":74}},"45":{"start":{"line":86,"column":6},"end":{"line":86,"column":56}},"46":{"start":{"line":87,"column":6},"end":{"line":89,"column":7}},"47":{"start":{"line":88,"column":8},"end":{"line":88,"column":80}},"48":{"start":{"line":90,"column":6},"end":{"line":93,"column":8}},"49":{"start":{"line":94,"column":6},"end":{"line":94,"column":22}},"50":{"start":{"line":99,"column":0},"end":{"line":99,"column":21}}},"fnMap":{"0":{"name":"(anonymous_0)","decl":{"start":{"line":43,"column":8},"end":{"line":43,"column":9}},"loc":{"start":{"line":43,"column":28},"end":{"line":49,"column":1}},"line":43},"1":{"name":"(anonymous_1)","decl":{"start":{"line":55,"column":19},"end":{"line":55,"column":20}},"loc":{"start":{"line":55,"column":33},"end":{"line":57,"column":1}},"line":55},"2":{"name":"(anonymous_2)","decl":{"start":{"line":58,"column":13},"end":{"line":58,"column":14}},"loc":{"start":{"line":58,"column":27},"end":{"line":60,"column":1}},"line":58},"3":{"name":"(anonymous_3)","decl":{"start":{"line":78,"column":10},"end":{"line":78,"column":11}},"loc":{"start":{"line":78,"column":16},"end":{"line":84,"column":5}},"line":78},"4":{"name":"(anonymous_4)","decl":{"start":{"line":80,"column":23},"end":{"line":80,"column":24}},"loc":{"start":{"line":80,"column":29},"end":{"line":83,"column":7}},"line":80},"5":{"name":"(anonymous_5)","decl":{"start":{"line":85,"column":11},"end":{"line":85,"column":12}},"loc":{"start":{"line":85,"column":20},"end":{"line":95,"column":5}},"line":85}},"branchMap":{"0":{"loc":{"start":{"line":15,"column":13},"end":{"line":15,"column":37}},"type":"binary-expr","locations":[{"start":{"line":15,"column":13},"end":{"line":15,"column":29}},{"start":{"line":15,"column":33},"end":{"line":15,"column":37}}],"line":15},"1":{"loc":{"start":{"line":26,"column":29},"end":{"line":26,"column":68}},"type":"cond-expr","locations":[{"start":{"line":26,"column":40},"end":{"line":26,"column":54}},{"start":{"line":26,"column":57},"end":{"line":26,"column":68}}],"line":26},"2":{"loc":{"start":{"line":46,"column":4},"end":{"line":46,"column":18}},"type":"binary-expr","locations":[{"start":{"line":46,"column":4},"end":{"line":46,"column":12}},{"start":{"line":46,"column":16},"end":{"line":46,"column":18}}],"line":46},"3":{"loc":{"start":{"line":66,"column":0},"end":{"line":96,"column":1}},"type":"if","locations":[{"start":{"line":66,"column":0},"end":{"line":96,"column":1}},{"start":{},"end":{}}],"line":66},"4":{"loc":{"start":{"line":67,"column":2},"end":{"line":70,"column":3}},"type":"if","locations":[{"start":{"line":67,"column":2},"end":{"line":70,"column":3}},{"start":{},"end":{}}],"line":67},"5":{"loc":{"start":{"line":87,"column":6},"end":{"line":89,"column":7}},"type":"if","locations":[{"start":{"line":87,"column":6},"end":{"line":89,"column":7}},{"start":{},"end":{}}],"line":87}},"s":{"0":1,"1":1,"2":1,"3":1,"4":1,"5":1,"6":1,"7":1,"8":1,"9":1,"10":1,"11":1,"12":1,"13":1,"14":1,"15":1,"16":1,"17":1,"18":1,"19":1,"20":1,"21":1,"22":1,"23":1,"24":1,"25":1,"26":1,"27":8,"28":8,"29":1,"30":1,"31":0,"32":1,"33":0,"34":1,"35":1,"36":0,"37":0,"38":0,"39":0,"40":0,"41":0,"42":0,"43":0,"44":0,"45":0,"46":0,"47":0,"48":0,"49":0,"50":1},"f":{"0":8,"1":0,"2":0,"3":0,"4":0,"5":0},"b":{"0":[1,0],"1":[1,0],"2":[8,3],"3":[0,1],"4":[0,0],"5":[0,0]},"_coverageSchema":"1a1c01bbd47fc00a2c39e90264f33305004495a9","hash":"b4e5958e8e34181fa911a77204b5cc15de32cabc"}
,"C:\\Users\\HP\\OneDrive\\Desktop\\my proj\\WatchtowerX\\backend\\middleware\\errorHandler.js": {"path":"C:\\Users\\HP\\OneDrive\\Desktop\\my proj\\WatchtowerX\\backend\\middleware\\errorHandler.js","statementMap":{"0":{"start":{"line":1,"column":0},"end":{"line":4,"column":2}},"1":{"start":{"line":2,"column":2},"end":{"line":2,"column":27}},"2":{"start":{"line":3,"column":2},"end":{"line":3,"column":59}}},"fnMap":{"0":{"name":"(anonymous_0)","decl":{"start":{"line":1,"column":17},"end":{"line":1,"column":18}},"loc":{"start":{"line":1,"column":42},"end":{"line":4,"column":1}},"line":1}},"branchMap":{},"s":{"0":1,"1":0,"2":0},"f":{"0":0},"b":{},"_coverageSchema":"1a1c01bbd47fc00a2c39e90264f33305004495a9","hash":"3ac55166d116ab08296b3a61ecf961199af3d650"}
,"C:\\Users\\HP\\OneDrive\\Desktop\\my proj\\WatchtowerX\\backend\\models\\Event.js": {"path":"C:\\Users\\HP\\OneDrive\\Desktop\\my proj\\WatchtowerX\\backend\\models\\Event.js","statementMap":{"0":{"start":{"line":2,"column":17},"end":{"line":2,"column":36}},"1":{"start":{"line":4,"column":20},"end":{"line":15,"column":2}},"2":{"start":{"line":18,"column":0},"end":{"line":18,"column":70}},"3":{"start":{"line":20,"column":0},"end":{"line":20,"column":54}}},"fnMap":{},"branchMap":{},"s":{"0":1,"1":1,"2":1,"3":1},"f":{},"b":{},"_coverageSchema":"1a1c01bbd47fc00a2c39e90264f33305004495a9","hash":"15979948f3889d0c5b19f1eb2808fca256ddf439"}
,"C:\\Users\\HP\\OneDrive\\Desktop\\my proj\\WatchtowerX\\backend\\routes\\eventRoutes.js": {"path":"C:\\Users\\HP\\OneDrive\\Desktop\\my proj\\WatchtowerX\\backend\\routes\\eventRoutes.js","statementMap":{"0":{"start":{"line":2,"column":16},"end":{"line":2,"column":34}},"1":{"start":{"line":3,"column":12},"end":{"line":3,"column":26}},"2":{"start":{"line":4,"column":19},"end":{"line":4,"column":38}},"3":{"start":{"line":5,"column":14},"end":{"line":5,"column":40}},"4":{"start":{"line":6,"column":27},"end":{"line":6,"column":53}},"5":{"start":{"line":7,"column":15},"end":{"line":7,"column":31}},"6":{"start":{"line":12,"column":30},"end":{"line":22,"column":2}},"7":{"start":{"line":27,"column":0},"end":{"line":75,"column":3}},"8":{"start":{"line":28,"column":27},"end":{"line":28,"column":67}},"9":{"start":{"line":29,"column":2},"end":{"line":31,"column":3}},"10":{"start":{"line":30,"column":4},"end":{"line":30,"column":69}},"11":{"start":{"line":33,"column":2},"end":{"line":74,"column":3}},"12":{"start":{"line":34,"column":4},"end":{"line":34,"column":29}},"13":{"start":{"line":35,"column":4},"end":{"line":41,"column":5}},"14":{"start":{"line":36,"column":6},"end":{"line":40,"column":7}},"15":{"start":{"line":37,"column":8},"end":{"line":37,"column":68}},"16":{"start":{"line":39,"column":8},"end":{"line":39,"column":73}},"17":{"start":{"line":43,"column":19},"end":{"line":53,"column":5}},"18":{"start":{"line":55,"column":16},"end":{"line":55,"column":42}},"19":{"start":{"line":57,"column":4},"end":{"line":71,"column":7}},"20":{"start":{"line":73,"column":4},"end":{"line":73,"column":14}},"21":{"start":{"line":80,"column":0},"end":{"line":131,"column":3}},"22":{"start":{"line":81,"column":2},"end":{"line":130,"column":3}},"23":{"start":{"line":92,"column":8},"end":{"line":92,"column":17}},"24":{"start":{"line":94,"column":19},"end":{"line":94,"column":21}},"25":{"start":{"line":95,"column":4},"end":{"line":95,"column":38}},"26":{"start":{"line":95,"column":14},"end":{"line":95,"column":38}},"27":{"start":{"line":96,"column":4},"end":{"line":96,"column":53}},"28":{"start":{"line":96,"column":18},"end":{"line":96,"column":53}},"29":{"start":{"line":97,"column":4},"end":{"line":97,"column":45}},"30":{"start":{"line":97,"column":18},"end":{"line":97,"column":45}},"31":{"start":{"line":98,"column":4},"end":{"line":102,"column":5}},"32":{"start":{"line":99,"column":6},"end":{"line":99,"column":28}},"33":{"start":{"line":100,"column":6},"end":{"line":100,"column":65}},"34":{"start":{"line":100,"column":21},"end":{"line":100,"column":65}},"35":{"start":{"line":101,"column":6},"end":{"line":101,"column":61}},"36":{"start":{"line":101,"column":19},"end":{"line":101,"column":61}},"37":{"start":{"line":104,"column":4},"end":{"line":104,"column":28}},"38":{"start":{"line":105,"column":4},"end":{"line":105,"column":26}},"39":{"start":{"line":106,"column":17},"end":{"line":106,"column":35}},"40":{"start":{"line":107,"column":22},"end":{"line":107,"column":46}},"41":{"start":{"line":109,"column":17},"end":{"line":112,"column":19}},"42":{"start":{"line":114,"column":19},"end":{"line":125,"column":7}},"43":{"start":{"line":114,"column":38},"end":{"line":125,"column":5}},"44":{"start":{"line":127,"column":4},"end":{"line":127,"column":45}},"45":{"start":{"line":129,"column":4},"end":{"line":129,"column":14}},"46":{"start":{"line":136,"column":0},"end":{"line":148,"column":3}},"47":{"start":{"line":137,"column":2},"end":{"line":147,"column":3}},"48":{"start":{"line":138,"column":26},"end":{"line":138,"column":35}},"49":{"start":{"line":139,"column":4},"end":{"line":141,"column":5}},"50":{"start":{"line":140,"column":6},"end":{"line":140,"column":84}},"51":{"start":{"line":142,"column":19},"end":{"line":142,"column":38}},"52":{"start":{"line":143,"column":19},"end":{"line":143,"column":73}},"53":{"start":{"line":144,"column":4},"end":{"line":144,"column":59}},"54":{"start":{"line":146,"column":4},"end":{"line":146,"column":14}},"55":{"start":{"line":153,"column":0},"end":{"line":175,"column":3}},"56":{"start":{"line":154,"column":2},"end":{"line":174,"column":3}},"57":{"start":{"line":155,"column":17},"end":{"line":155,"column":42}},"58":{"start":{"line":156,"column":19},"end":{"line":165,"column":5}},"59":{"start":{"line":166,"column":19},"end":{"line":166,"column":41}},"60":{"start":{"line":167,"column":16},"end":{"line":167,"column":34}},"61":{"start":{"line":169,"column":4},"end":{"line":169,"column":43}},"62":{"start":{"line":170,"column":4},"end":{"line":170,"column":33}},"63":{"start":{"line":171,"column":4},"end":{"line":171,"column":25}},"64":{"start":{"line":173,"column":4},"end":{"line":173,"column":14}},"65":{"start":{"line":177,"column":0},"end":{"line":177,"column":24}}},"fnMap":{"0":{"name":"(anonymous_0)","decl":{"start":{"line":27,"column":22},"end":{"line":27,"column":23}},"loc":{"start":{"line":27,"column":48},"end":{"line":75,"column":1}},"line":27},"1":{"name":"(anonymous_1)","decl":{"start":{"line":80,"column":22},"end":{"line":80,"column":23}},"loc":{"start":{"line":80,"column":48},"end":{"line":131,"column":1}},"line":80},"2":{"name":"(anonymous_2)","decl":{"start":{"line":114,"column":28},"end":{"line":114,"column":29}},"loc":{"start":{"line":114,"column":38},"end":{"line":125,"column":5}},"line":114},"3":{"name":"(anonymous_3)","decl":{"start":{"line":136,"column":25},"end":{"line":136,"column":26}},"loc":{"start":{"line":136,"column":51},"end":{"line":148,"column":1}},"line":136},"4":{"name":"(anonymous_4)","decl":{"start":{"line":153,"column":29},"end":{"line":153,"column":30}},"loc":{"start":{"line":153,"column":55},"end":{"line":175,"column":1}},"line":153}},"branchMap":{"0":{"loc":{"start":{"line":29,"column":2},"end":{"line":31,"column":3}},"type":"if","locations":[{"start":{"line":29,"column":2},"end":{"line":31,"column":3}},{"start":{},"end":{}}],"line":29},"1":{"loc":{"start":{"line":35,"column":4},"end":{"line":41,"column":5}},"type":"if","locations":[{"start":{"line":35,"column":4},"end":{"line":41,"column":5}},{"start":{},"end":{}}],"line":35},"2":{"loc":{"start":{"line":48,"column":16},"end":{"line":48,"column":43}},"type":"binary-expr","locations":[{"start":{"line":48,"column":16},"end":{"line":48,"column":30}},{"start":{"line":48,"column":34},"end":{"line":48,"column":43}}],"line":48},"3":{"loc":{"start":{"line":49,"column":16},"end":{"line":49,"column":42}},"type":"binary-expr","locations":[{"start":{"line":49,"column":16},"end":{"line":49,"column":30}},{"start":{"line":49,"column":34},"end":{"line":49,"column":42}}],"line":49},"4":{"loc":{"start":{"line":50,"column":14},"end":{"line":50,"column":39}},"type":"binary-expr","locations":[{"start":{"line":50,"column":14},"end":{"line":50,"column":26}},{"start":{"line":50,"column":30},"end":{"line":50,"column":39}}],"line":50},"5":{"loc":{"start":{"line":51,"column":13},"end":{"line":51,"column":30}},"type":"binary-expr","locations":[{"start":{"line":51,"column":13},"end":{"line":51,"column":24}},{"start":{"line":51,"column":28},"end":{"line":51,"column":30}}],"line":51},"6":{"loc":{"start":{"line":86,"column":6},"end":{"line":86,"column":16}},"type":"default-arg","locations":[{"start":{"line":86,"column":14},"end":{"line":86,"column":16}}],"line":86},"7":{"loc":{"start":{"line":87,"column":6},"end":{"line":87,"column":14}},"type":"default-arg","locations":[{"start":{"line":87,"column":13},"end":{"line":87,"column":14}}],"line":87},"8":{"loc":{"start":{"line":90,"column":6},"end":{"line":90,"column":24}},"type":"default-arg","locations":[{"start":{"line":90,"column":13},"end":{"line":90,"column":24}}],"line":90},"9":{"loc":{"start":{"line":91,"column":6},"end":{"line":91,"column":20}},"type":"default-arg","locations":[{"start":{"line":91,"column":14},"end":{"line":91,"column":20}}],"line":91},"10":{"loc":{"start":{"line":95,"column":4},"end":{"line":95,"column":38}},"type":"if","locations":[{"start":{"line":95,"column":4},"end":{"line":95,"column":38}},{"start":{},"end":{}}],"line":95},"11":{"loc":{"start":{"line":96,"column":4},"end":{"line":96,"column":53}},"type":"if","locations":[{"start":{"line":96,"column":4},"end":{"line":96,"column":53}},{"start":{},"end":{}}],"line":96},"12":{"loc":{"start":{"line":97,"column":4},"end":{"line":97,"column":45}},"type":"if","locations":[{"start":{"line":97,"column":4},"end":{"line":97,"column":45}},{"start":{},"end":{}}],"line":97},"13":{"loc":{"start":{"line":98,"column":4},"end":{"line":102,"column":5}},"type":"if","locations":[{"start":{"line":98,"column":4},"end":{"line":102,"column":5}},{"start":{},"end":{}}],"line":98},"14":{"loc":{"start":{"line":98,"column":8},"end":{"line":98,"column":28}},"type":"binary-expr","locations":[{"start":{"line":98,"column":8},"end":{"line":98,"column":17}},{"start":{"line":98,"column":21},"end":{"line":98,"column":28}}],"line":98},"15":{"loc":{"start":{"line":100,"column":6},"end":{"line":100,"column":65}},"type":"if","locations":[{"start":{"line":100,"column":6},"end":{"line":100,"column":65}},{"start":{},"end":{}}],"line":100},"16":{"loc":{"start":{"line":101,"column":6},"end":{"line":101,"column":61}},"type":"if","locations":[{"start":{"line":101,"column":6},"end":{"line":101,"column":61}},{"start":{},"end":{}}],"line":101},"17":{"loc":{"start":{"line":107,"column":22},"end":{"line":107,"column":46}},"type":"cond-expr","locations":[{"start":{"line":107,"column":40},"end":{"line":107,"column":41}},{"start":{"line":107,"column":44},"end":{"line":107,"column":46}}],"line":107},"18":{"loc":{"start":{"line":139,"column":4},"end":{"line":141,"column":5}},"type":"if","locations":[{"start":{"line":139,"column":4},"end":{"line":141,"column":5}},{"start":{},"end":{}}],"line":139}},"s":{"0":1,"1":1,"2":1,"3":1,"4":1,"5":1,"6":1,"7":1,"8":5,"9":5,"10":1,"11":4,"12":4,"13":4,"14":0,"15":0,"16":0,"17":4,"18":4,"19":4,"20":0,"21":1,"22":1,"23":1,"24":1,"25":1,"26":1,"27":1,"28":0,"29":1,"30":0,"31":1,"32":0,"33":0,"34":0,"35":0,"36":0,"37":1,"38":1,"39":1,"40":1,"41":1,"42":1,"43":1,"44":1,"45":0,"46":1,"47":1,"48":1,"49":1,"50":0,"51":1,"52":1,"53":1,"54":0,"55":1,"56":1,"57":1,"58":1,"59":1,"60":1,"61":1,"62":1,"63":1,"64":0,"65":1},"f":{"0":5,"1":1,"2":1,"3":1,"4":1},"b":{"0":[1,4],"1":[0,4],"2":[4,2],"3":[4,2],"4":[4,2],"5":[4,2],"6":[0],"7":[0],"8":[1],"9":[1],"10":[1,0],"11":[0,1],"12":[0,1],"13":[0,1],"14":[1,1],"15":[0,0],"16":[0,0],"17":[0,1],"18":[0,1]},"_coverageSchema":"1a1c01bbd47fc00a2c39e90264f33305004495a9","hash":"ddfdbf91bd84d6fe4527c17aa3543dec9f22e2a3"}
,"C:\\Users\\HP\\OneDrive\\Desktop\\my proj\\WatchtowerX\\backend\\utils\\upload.js": {"path":"C:\\Users\\HP\\OneDrive\\Desktop\\my proj\\WatchtowerX\\backend\\utils\\upload.js","statementMap":{"0":{"start":{"line":10,"column":0},"end":{"line":16,"column":2}},"1":{"start":{"line":11,"column":2},"end":{"line":13,"column":3}},"2":{"start":{"line":12,"column":4},"end":{"line":12,"column":43}},"3":{"start":{"line":15,"column":2},"end":{"line":15,"column":79}}},"fnMap":{"0":{"name":"(anonymous_0)","decl":{"start":{"line":10,"column":32},"end":{"line":10,"column":33}},"loc":{"start":{"line":10,"column":55},"end":{"line":16,"column":1}},"line":10}},"branchMap":{"0":{"loc":{"start":{"line":11,"column":2},"end":{"line":13,"column":3}},"type":"if","locations":[{"start":{"line":11,"column":2},"end":{"line":13,"column":3}},{"start":{},"end":{}}],"line":11},"1":{"loc":{"start":{"line":15,"column":9},"end":{"line":15,"column":78}},"type":"binary-expr","locations":[{"start":{"line":15,"column":9},"end":{"line":15,"column":45}},{"start":{"line":15,"column":49},"end":{"line":15,"column":78}}],"line":15}},"s":{"0":1,"1":0,"2":0,"3":0},"f":{"0":0},"b":{"0":[0,0],"1":[0,0]},"_coverageSchema":"1a1c01bbd47fc00a2c39e90264f33305004495a9","hash":"5c6c6d756a3842aed2e01e59d3bad3e32ba1b03d"}
}
