TN:
SF:index.js
FN:43,(anonymous_0)
FN:55,(anonymous_1)
FN:58,(anonymous_2)
FN:78,(anonymous_3)
FN:80,(anonymous_4)
FN:85,(anonymous_5)
FNF:6
FNH:1
FNDA:8,(anonymous_0)
FNDA:0,(anonymous_1)
FNDA:0,(anonymous_2)
FNDA:0,(anonymous_3)
FNDA:0,(anonymous_4)
FNDA:0,(anonymous_5)
DA:1,1
DA:2,1
DA:3,1
DA:4,1
DA:5,1
DA:6,1
DA:7,1
DA:8,1
DA:9,1
DA:11,1
DA:12,1
DA:14,1
DA:15,1
DA:16,1
DA:19,1
DA:20,1
DA:23,1
DA:24,1
DA:25,1
DA:26,1
DA:29,1
DA:30,1
DA:31,1
DA:32,1
DA:35,1
DA:40,1
DA:43,1
DA:44,8
DA:48,8
DA:52,1
DA:55,1
DA:56,0
DA:58,1
DA:59,0
DA:63,1
DA:66,1
DA:67,0
DA:68,0
DA:69,0
DA:72,0
DA:73,0
DA:79,0
DA:80,0
DA:81,0
DA:82,0
DA:86,0
DA:87,0
DA:88,0
DA:90,0
DA:94,0
DA:99,1
LF:51
LH:35
BRDA:15,0,0,1
BRDA:15,0,1,0
BRDA:26,1,0,1
BRDA:26,1,1,0
BRDA:46,2,0,8
BRDA:46,2,1,3
BRDA:66,3,0,0
BRDA:66,3,1,1
BRDA:67,4,0,0
BRDA:67,4,1,0
BRDA:87,5,0,0
BRDA:87,5,1,0
BRF:12
BRH:5
end_of_record
TN:
SF:middleware\errorHandler.js
FN:1,(anonymous_0)
FNF:1
FNH:0
FNDA:0,(anonymous_0)
DA:1,1
DA:2,0
DA:3,0
LF:3
LH:1
BRF:0
BRH:0
end_of_record
TN:
SF:models\Event.js
FNF:0
FNH:0
DA:2,1
DA:4,1
DA:18,1
DA:20,1
LF:4
LH:4
BRF:0
BRH:0
end_of_record
TN:
SF:routes\eventRoutes.js
FN:27,(anonymous_0)
FN:80,(anonymous_1)
FN:114,(anonymous_2)
FN:136,(anonymous_3)
FN:153,(anonymous_4)
FNF:5
FNH:5
FNDA:5,(anonymous_0)
FNDA:1,(anonymous_1)
FNDA:1,(anonymous_2)
FNDA:1,(anonymous_3)
FNDA:1,(anonymous_4)
DA:2,1
DA:3,1
DA:4,1
DA:5,1
DA:6,1
DA:7,1
DA:12,1
DA:27,1
DA:28,5
DA:29,5
DA:30,1
DA:33,4
DA:34,4
DA:35,4
DA:36,0
DA:37,0
DA:39,0
DA:43,4
DA:55,4
DA:57,4
DA:73,0
DA:80,1
DA:81,1
DA:92,1
DA:94,1
DA:95,1
DA:96,1
DA:97,1
DA:98,1
DA:99,0
DA:100,0
DA:101,0
DA:104,1
DA:105,1
DA:106,1
DA:107,1
DA:109,1
DA:114,1
DA:127,1
DA:129,0
DA:136,1
DA:137,1
DA:138,1
DA:139,1
DA:140,0
DA:142,1
DA:143,1
DA:144,1
DA:146,0
DA:153,1
DA:154,1
DA:155,1
DA:156,1
DA:166,1
DA:167,1
DA:169,1
DA:170,1
DA:171,1
DA:173,0
DA:177,1
LF:60
LH:49
BRDA:29,0,0,1
BRDA:29,0,1,4
BRDA:35,1,0,0
BRDA:35,1,1,4
BRDA:48,2,0,4
BRDA:48,2,1,2
BRDA:49,3,0,4
BRDA:49,3,1,2
BRDA:50,4,0,4
BRDA:50,4,1,2
BRDA:51,5,0,4
BRDA:51,5,1,2
BRDA:86,6,0,0
BRDA:87,7,0,0
BRDA:90,8,0,1
BRDA:91,9,0,1
BRDA:95,10,0,1
BRDA:95,10,1,0
BRDA:96,11,0,0
BRDA:96,11,1,1
BRDA:97,12,0,0
BRDA:97,12,1,1
BRDA:98,13,0,0
BRDA:98,13,1,1
BRDA:98,14,0,1
BRDA:98,14,1,1
BRDA:100,15,0,0
BRDA:100,15,1,0
BRDA:101,16,0,0
BRDA:101,16,1,0
BRDA:107,17,0,0
BRDA:107,17,1,1
BRDA:139,18,0,0
BRDA:139,18,1,1
BRF:34
BRH:21
end_of_record
TN:
SF:utils\upload.js
FN:10,(anonymous_0)
FNF:1
FNH:0
FNDA:0,(anonymous_0)
DA:10,1
DA:11,0
DA:12,0
DA:15,0
LF:4
LH:1
BRDA:11,0,0,0
BRDA:11,0,1,0
BRDA:15,1,0,0
BRDA:15,1,1,0
BRF:4
BRH:0
end_of_record
